<?xml version="1.0" encoding="UTF-8"?>
<testng-results skipped="0" failed="0" ignored="0" total="1" passed="1">
  <reporter-output>
  </reporter-output>
  <suite name="Suite" duration-ms="82920" started-at="2020-07-17T00:23:56 IST" finished-at="2020-07-17T00:25:19 IST">
    <groups>
    </groups>
    <test name="Test" duration-ms="82920" started-at="2020-07-17T00:23:56 IST" finished-at="2020-07-17T00:25:19 IST">
      <class name="com.mypackage.MyClass.Common">
        <test-method status="PASS" signature="launchBrowser()[pri:1, instance:com.mypackage.MyClass.Common@6950e31]" name="launchBrowser" duration-ms="76852" started-at="2020-07-17T00:23:56 IST" finished-at="2020-07-17T00:25:13 IST">
          <reporter-output>
          </reporter-output>
        </test-method> <!-- launchBrowser -->
      </class> <!-- com.mypackage.MyClass.Common -->
    </test> <!-- Test -->
  </suite> <!-- Suite -->
</testng-results>
